<?xml version="1.0" encoding="UTF-8"?>
<testsuite name="models.UserTest" tests="10" skipped="0" failures="0" errors="0" timestamp="2016-10-25T08:55:59" hostname="Annas-MacBook-Pro.local" time="0.026">
  <properties/>
  <testcase name="testGetPassword" classname="models.UserTest" time="0.001"/>
  <testcase name="testGetEmail" classname="models.UserTest" time="0.001"/>
  <testcase name="testIds" classname="models.UserTest" time="0.0"/>
  <testcase name="testGetId" classname="models.UserTest" time="0.001"/>
  <testcase name="testToString" classname="models.UserTest" time="0.0"/>
  <testcase name="testGetActivities" classname="models.UserTest" time="0.008"/>
  <testcase name="testGetLastName" classname="models.UserTest" time="0.001"/>
  <testcase name="testGetFirstName" classname="models.UserTest" time="0.0"/>
  <testcase name="testCreate" classname="models.UserTest" time="0.0"/>
  <testcase name="testEquals" classname="models.UserTest" time="0.004"/>
  <system-out><![CDATA[]]></system-out>
  <system-err><![CDATA[]]></system-err>
</testsuite>
