<?xml version="1.0" encoding="UTF-8"?>
<testsuite name="models.ActivityTest" tests="10" skipped="0" failures="0" errors="0" timestamp="2016-10-25T08:55:59" hostname="Annas-MacBook-Pro.local" time="0.027">
  <properties/>
  <testcase name="testIds" classname="models.ActivityTest" time="0.0"/>
  <testcase name="testGetId" classname="models.ActivityTest" time="0.0"/>
  <testcase name="testGetStartTime" classname="models.ActivityTest" time="0.0"/>
  <testcase name="testToString" classname="models.ActivityTest" time="0.009"/>
  <testcase name="testGetLocation" classname="models.ActivityTest" time="0.0"/>
  <testcase name="testGetDuration" classname="models.ActivityTest" time="0.001"/>
  <testcase name="testGetType" classname="models.ActivityTest" time="0.0"/>
  <testcase name="testCreate" classname="models.ActivityTest" time="0.0"/>
  <testcase name="testGetRoutes" classname="models.ActivityTest" time="0.0"/>
  <testcase name="testGetDistance" classname="models.ActivityTest" time="0.0"/>
  <system-out><![CDATA[]]></system-out>
  <system-err><![CDATA[]]></system-err>
</testsuite>
