<?xml version="1.0" encoding="UTF-8"?>
<testsuite name="controllers.PaceMakerAPITest" tests="9" skipped="0" failures="0" errors="0" timestamp="2016-10-25T08:55:58" hostname="Annas-MacBook-Pro.local" time="0.007">
  <properties/>
  <testcase name="testDeleteActivityById" classname="controllers.PaceMakerAPITest" time="0.002"/>
  <testcase name="testUsers" classname="controllers.PaceMakerAPITest" time="0.001"/>
  <testcase name="testListActivityById" classname="controllers.PaceMakerAPITest" time="0.001"/>
  <testcase name="testUser" classname="controllers.PaceMakerAPITest" time="0.0"/>
  <testcase name="testAddActivityWithSingleLocation" classname="controllers.PaceMakerAPITest" time="0.0"/>
  <testcase name="testAddActivityWithMultipleLocation" classname="controllers.PaceMakerAPITest" time="0.0"/>
  <testcase name="testDeleteUserById" classname="controllers.PaceMakerAPITest" time="0.0"/>
  <testcase name="testAddActivity" classname="controllers.PaceMakerAPITest" time="0.0"/>
  <testcase name="testListAllActivities" classname="controllers.PaceMakerAPITest" time="0.0"/>
  <system-out><![CDATA[]]></system-out>
  <system-err><![CDATA[]]></system-err>
</testsuite>
