<?xml version="1.0" encoding="UTF-8"?>
<testsuite name="DateTimeParserTest" tests="4" skipped="0" failures="0" errors="0" timestamp="2016-10-25T08:55:59" hostname="Annas-MacBook-Pro.local" time="0.038">
  <properties/>
  <testcase name="Test Successful Duration Parsing from String" classname="DateTimeParserTest" time="0.025"/>
  <testcase name="Test Successful Date Time Parsing from String" classname="DateTimeParserTest" time="0.002"/>
  <testcase name="Test IllegalArgumentException is thrown for incorrect duration format" classname="DateTimeParserTest" time="0.004"/>
  <testcase name="Test IllegalArgumentException is thrown for incorrect date time format" classname="DateTimeParserTest" time="0.004"/>
  <system-out><![CDATA[]]></system-out>
  <system-err><![CDATA[]]></system-err>
</testsuite>
