<?xml version="1.0" encoding="UTF-8"?>
<testsuite name="models.LocationTest" tests="8" skipped="0" failures="0" errors="0" timestamp="2016-10-25T08:55:59" hostname="Annas-MacBook-Pro.local" time="0.013">
  <properties/>
  <testcase name="testSetLongitude" classname="models.LocationTest" time="0.0"/>
  <testcase name="testIds" classname="models.LocationTest" time="0.0"/>
  <testcase name="testGetId" classname="models.LocationTest" time="0.002"/>
  <testcase name="testToString" classname="models.LocationTest" time="0.0"/>
  <testcase name="testSetLatitude" classname="models.LocationTest" time="0.0"/>
  <testcase name="testGetLatitude" classname="models.LocationTest" time="0.001"/>
  <testcase name="testGetLongitude" classname="models.LocationTest" time="0.0"/>
  <testcase name="testCreate" classname="models.LocationTest" time="0.001"/>
  <system-out><![CDATA[]]></system-out>
  <system-err><![CDATA[]]></system-err>
</testsuite>
