<?xml version="1.0" encoding="UTF-8"?>
<testsuite name="controllers.PersistenceTest" tests="5" skipped="0" failures="0" errors="0" timestamp="2016-10-25T08:55:58" hostname="Annas-MacBook-Pro.local" time="0.572">
  <properties/>
  <testcase name="testBinarySerializer" classname="controllers.PersistenceTest" time="0.017"/>
  <testcase name="testJSONSerializer" classname="controllers.PersistenceTest" time="0.404"/>
  <testcase name="testYAMLSerializer" classname="controllers.PersistenceTest" time="0.084"/>
  <testcase name="testXMLSerializer" classname="controllers.PersistenceTest" time="0.064"/>
  <testcase name="testPopulate" classname="controllers.PersistenceTest" time="0.001"/>
  <system-out><![CDATA[]]></system-out>
  <system-err><![CDATA[]]></system-err>
</testsuite>
