<?xml version="1.0" encoding="UTF-8"?>
<testsuite name="utils.DateTimeParserTest" tests="0" skipped="0" failures="0" errors="0" timestamp="1970-01-01T00:00:00" hostname="Annas-MacBook-Pro.local" time="0.0">
  <properties/>
  <system-out><![CDATA[]]></system-out>
  <system-err><![CDATA[Oct 25, 2016 9:55:59 AM org.junit.platform.launcher.core.ServiceLoaderTestEngineRegistry loadTestEngines
INFO: Discovered TestEngines with IDs: [junit-jupiter]
]]></system-err>
</testsuite>
